<?xml version="1.0" encoding="UTF-8"?>
<testsuite xmlns:xsi="http://www.w3.org/2001/XMLSchema-instance" xsi:noNamespaceSchemaLocation="https://maven.apache.org/surefire/maven-surefire-plugin/xsd/surefire-test-report.xsd" name="com.worldline.interview.machine.WidgetMachineTest" time="0.679" tests="7" errors="0" skipped="0" failures="0">
  <properties>
[...]
</properties>
  <testcase name="testInvaildEngine" classname="com.worldline.interview.machine.WidgetMachineTest" time="0.593"/>
  <testcase name="testNegativeQuantity" classname="com.worldline.interview.machine.WidgetMachineTest" time="0.001"/>
  <testcase name="testProduceWigetsWhenEngineNotRunning" classname="com.worldline.interview.machine.WidgetMachineTest" time="0.006"/>
  <testcase name="testProduceWigetsWhenEngineRunningWithCoal" classname="com.worldline.interview.machine.WidgetMachineTest$SteamEngineNestedTest" time="0.03"/>
  <testcase name="testProduceWigetsWhenEngineRunningWithWood" classname="com.worldline.interview.machine.WidgetMachineTest$SteamEngineNestedTest" time="0.003"/>
  <testcase name="testProduceWigetsWhenEngineRunningWithDiesel" classname="com.worldline.interview.machine.WidgetMachineTest$InternalCombustionEngineNestedTest" time="0.029"/>
  <testcase name="testProduceWigetsWhenEngineRunningWithPetrol" classname="com.worldline.interview.machine.WidgetMachineTest$InternalCombustionEngineNestedTest" time="0.003"/>
</testsuite>